opt/atlassian/pipelines/agent/build/bitbucket-pipelines.yml
opt/atlassian/pipelines/agent/build/requirements.txt
opt/atlassian/pipelines/agent/build/core/
opt/atlassian/pipelines/agent/build/core/__init__.py
opt/atlassian/pipelines/agent/build/core/admin.py
opt/atlassian/pipelines/agent/build/core/models.py
opt/atlassian/pipelines/agent/build/core/serializers.py
opt/atlassian/pipelines/agent/build/core/tasks.py
opt/atlassian/pipelines/agent/build/core/views.py
opt/atlassian/pipelines/agent/build/core/apps.py
opt/atlassian/pipelines/agent/build/core/parser/
opt/atlassian/pipelines/agent/build/core/parser/__init__.py
opt/atlassian/pipelines/agent/build/core/parser/constants.py
opt/atlassian/pipelines/agent/build/core/parser/grabber.py
opt/atlassian/pipelines/agent/build/core/parser/run.py
opt/atlassian/pipelines/agent/build/core/parser/driver/
opt/atlassian/pipelines/agent/build/core/parser/driver/geckodriver
opt/atlassian/pipelines/agent/build/core/parser/driver/chromedriver_mac
opt/atlassian/pipelines/agent/build/core/parser/driver/chromedriver
opt/atlassian/pipelines/agent/build/core/parser/parsers/
opt/atlassian/pipelines/agent/build/core/parser/parsers/nike_parser.py
opt/atlassian/pipelines/agent/build/core/parser/parsers/zara_parser.py
opt/atlassian/pipelines/agent/build/core/parser/parsers/guess_parser.py
opt/atlassian/pipelines/agent/build/core/parser/parsers/adidas_parser.py
opt/atlassian/pipelines/agent/build/core/parser/parsers/tommy_parser.py
opt/atlassian/pipelines/agent/build/core/parser/parsers/ck_parser.py
opt/atlassian/pipelines/agent/build/core/parser/parsers/all_saints_parser.py
opt/atlassian/pipelines/agent/build/core/parser/parsers/topman_parser.py
opt/atlassian/pipelines/agent/build/core/parser/parsers/asos_parser.py
opt/atlassian/pipelines/agent/build/core/parser/parsers/cham_parser.py
opt/atlassian/pipelines/agent/build/core/parser/parsers/reebok_parser.py
opt/atlassian/pipelines/agent/build/core/parser/helpers.py
opt/atlassian/pipelines/agent/build/core/mixins.py
opt/atlassian/pipelines/agent/build/core/management/
opt/atlassian/pipelines/agent/build/core/management/commands/
opt/atlassian/pipelines/agent/build/core/management/commands/parse.py
opt/atlassian/pipelines/agent/build/core/migrations/
opt/atlassian/pipelines/agent/build/core/migrations/__init__.py
opt/atlassian/pipelines/agent/build/core/migrations/0001_initial.py
opt/atlassian/pipelines/agent/build/core/migrations/0011_auto_20181028_1654.py
opt/atlassian/pipelines/agent/build/core/migrations/0007_auto_20181020_1225.py
opt/atlassian/pipelines/agent/build/core/migrations/0018_auto_20190203_1740.py
opt/atlassian/pipelines/agent/build/core/migrations/0002_auto_20181019_2005.py
opt/atlassian/pipelines/agent/build/core/migrations/0016_auto_20181124_2109.py
opt/atlassian/pipelines/agent/build/core/migrations/0004_auto_20181019_2055.py
opt/atlassian/pipelines/agent/build/core/migrations/0017_auto_20181125_1125.py
opt/atlassian/pipelines/agent/build/core/migrations/0010_auto_20181028_1630.py
opt/atlassian/pipelines/agent/build/core/migrations/0014_auto_20181113_1947.py
opt/atlassian/pipelines/agent/build/core/migrations/0012_auto_20181028_1902.py
opt/atlassian/pipelines/agent/build/core/migrations/0008_auto_20181020_1236.py
opt/atlassian/pipelines/agent/build/core/migrations/0019_auto_20190209_1624.py
opt/atlassian/pipelines/agent/build/core/migrations/0005_product_url_original.py
opt/atlassian/pipelines/agent/build/core/migrations/0009_auto_20181028_1605.py
opt/atlassian/pipelines/agent/build/core/migrations/0015_auto_20181118_1602.py
opt/atlassian/pipelines/agent/build/core/migrations/0003_auto_20181019_2012.py
opt/atlassian/pipelines/agent/build/core/migrations/0013_auto_20181108_2016.py
opt/atlassian/pipelines/agent/build/core/migrations/0006_auto_20181020_1221.py
opt/atlassian/pipelines/agent/build/Shops/
opt/atlassian/pipelines/agent/build/Shops/__init__.py
opt/atlassian/pipelines/agent/build/Shops/dashboard.py
opt/atlassian/pipelines/agent/build/Shops/celery.py
opt/atlassian/pipelines/agent/build/Shops/urls.py
opt/atlassian/pipelines/agent/build/Shops/settings.py
opt/atlassian/pipelines/agent/build/Shops/wsgi.py
opt/atlassian/pipelines/agent/build/.gitignore
opt/atlassian/pipelines/agent/build/manage.py
Requirement already satisfied: celery==4.2.1 in /home/infinity/venv/lib/python3.6/site-packages (from -r requirements.txt (line 1)) (4.2.1)
Requirement already satisfied: Django==2.1.2 in /home/infinity/venv/lib/python3.6/site-packages (from -r requirements.txt (line 2)) (2.1.2)
Requirement already satisfied: djangorestframework==3.9.0 in /home/infinity/venv/lib/python3.6/site-packages (from -r requirements.txt (line 3)) (3.9.0)
Requirement already satisfied: pytz==2018.5 in /home/infinity/venv/lib/python3.6/site-packages (from -r requirements.txt (line 4)) (2018.5)
Requirement already satisfied: attrs==18.2.0 in /home/infinity/venv/lib/python3.6/site-packages (from -r requirements.txt (line 5)) (18.2.0)
Requirement already satisfied: beautifulsoup4==4.6.3 in /home/infinity/venv/lib/python3.6/site-packages (from -r requirements.txt (line 6)) (4.6.3)
Requirement already satisfied: certifi==2018.8.24 in /home/infinity/venv/lib/python3.6/site-packages (from -r requirements.txt (line 7)) (2018.8.24)
Requirement already satisfied: chardet==3.0.4 in /home/infinity/venv/lib/python3.6/site-packages (from -r requirements.txt (line 8)) (3.0.4)
Requirement already satisfied: idna==2.7 in /home/infinity/venv/lib/python3.6/site-packages (from -r requirements.txt (line 9)) (2.7)
Requirement already satisfied: lxml==4.2.5 in /home/infinity/venv/lib/python3.6/site-packages (from -r requirements.txt (line 10)) (4.2.5)
Requirement already satisfied: multidict==4.4.2 in /home/infinity/venv/lib/python3.6/site-packages (from -r requirements.txt (line 11)) (4.4.2)
Requirement already satisfied: requests==2.19.1 in /home/infinity/venv/lib/python3.6/site-packages (from -r requirements.txt (line 12)) (2.19.1)
Requirement already satisfied: selenium==3.14.1 in /home/infinity/venv/lib/python3.6/site-packages (from -r requirements.txt (line 13)) (3.14.1)
Requirement already satisfied: urllib3==1.23 in /home/infinity/venv/lib/python3.6/site-packages (from -r requirements.txt (line 14)) (1.23)
Requirement already satisfied: yarl==1.2.6 in /home/infinity/venv/lib/python3.6/site-packages (from -r requirements.txt (line 15)) (1.2.6)
Requirement already satisfied: django-filter==2.0.0 in /home/infinity/venv/lib/python3.6/site-packages (from -r requirements.txt (line 16)) (2.0.0)
Requirement already satisfied: django-celery-results==1.0.1 in /home/infinity/venv/lib/python3.6/site-packages (from -r requirements.txt (line 17)) (1.0.1)
Requirement already satisfied: django-redis==4.9.0 in /home/infinity/venv/lib/python3.6/site-packages (from -r requirements.txt (line 18)) (4.9.0)
Requirement already satisfied: django-celery-beat==1.1.0 in /home/infinity/venv/lib/python3.6/site-packages (from -r requirements.txt (line 19)) (1.1.0)
Requirement already satisfied: django-cors-headers==2.4.0 in /home/infinity/venv/lib/python3.6/site-packages (from -r requirements.txt (line 20)) (2.4.0)
Requirement already satisfied: billiard<3.6.0,>=3.5.0.2 in /home/infinity/venv/lib/python3.6/site-packages (from celery==4.2.1->-r requirements.txt (line 1)) (3.5.0.4)
Requirement already satisfied: kombu<5.0,>=4.2.0 in /home/infinity/venv/lib/python3.6/site-packages (from celery==4.2.1->-r requirements.txt (line 1)) (4.2.1)
Requirement already satisfied: redis>=2.10.0 in /home/infinity/venv/lib/python3.6/site-packages (from django-redis==4.9.0->-r requirements.txt (line 18)) (2.10.6)
Requirement already satisfied: ephem>=3.7.6.0 in /home/infinity/venv/lib/python3.6/site-packages (from django-celery-beat==1.1.0->-r requirements.txt (line 19)) (3.7.6.0)
Requirement already satisfied: amqp<3.0,>=2.1.4 in /home/infinity/venv/lib/python3.6/site-packages (from kombu<5.0,>=4.2.0->celery==4.2.1->-r requirements.txt (line 1)) (2.3.2)
Requirement already satisfied: vine>=1.1.3 in /home/infinity/venv/lib/python3.6/site-packages (from amqp<3.0,>=2.1.4->kombu<5.0,>=4.2.0->celery==4.2.1->-r requirements.txt (line 1)) (1.1.4)
No conflicts detected to merge.
Operations to perform:
  Apply all migrations: admin, auth, contenttypes, core, django_celery_beat, django_celery_results, sessions
Running migrations:
  No migrations to apply.
  Your models have changes that are not yet reflected in a migration, and so won't be applied.
  Run 'manage.py makemigrations' to make new migrations, and then re-run 'manage.py migrate' to apply them.

0 static files copied to '/var/www/infinity_static', 152 unmodified.
