1553199466135	mozrunner::runner	INFO	Running command: "/Applications/Firefox.app/Contents/MacOS/firefox-bin" "-marionette" "-headless" "start-maximized" "-foreground" "-no-remote" "-profile" "/var/folders/8g/c05844nd09d1wx29zsv34vqr0000gn/T/rust_mozprofile.mDOyNj4mljkx"
*** You are running in headless mode.
1553199466456	addons.webextension.screenshots@mozilla.org	WARN	Loading extension 'screenshots@mozilla.org': Reading manifest: Invalid extension permission: mozillaAddons
1553199466457	addons.webextension.screenshots@mozilla.org	WARN	Loading extension 'screenshots@mozilla.org': Reading manifest: Invalid extension permission: resource://pdf.js/
1553199466457	addons.webextension.screenshots@mozilla.org	WARN	Loading extension 'screenshots@mozilla.org': Reading manifest: Invalid extension permission: about:reader*
1553199467527	Marionette	INFO	Listening on port 51155
1553199467573	Marionette	WARN	TLS certificate errors will be ignored for this session
1553199470133	mozrunner::runner	INFO	Running command: "/Applications/Firefox.app/Contents/MacOS/firefox-bin" "-marionette" "-headless" "start-maximized" "-foreground" "-no-remote" "-profile" "/var/folders/8g/c05844nd09d1wx29zsv34vqr0000gn/T/rust_mozprofile.Ay1S1LJUSN3L"
*** You are running in headless mode.
1553199470463	addons.webextension.screenshots@mozilla.org	WARN	Loading extension 'screenshots@mozilla.org': Reading manifest: Invalid extension permission: mozillaAddons
1553199470463	addons.webextension.screenshots@mozilla.org	WARN	Loading extension 'screenshots@mozilla.org': Reading manifest: Invalid extension permission: resource://pdf.js/
1553199470463	addons.webextension.screenshots@mozilla.org	WARN	Loading extension 'screenshots@mozilla.org': Reading manifest: Invalid extension permission: about:reader*
1553199471580	Marionette	INFO	Listening on port 51199
1553199471665	Marionette	WARN	TLS certificate errors will be ignored for this session
1553199471744	Marionette	INFO	Stopped listening on port 51155
1553199492261	mozrunner::runner	INFO	Running command: "/Applications/Firefox.app/Contents/MacOS/firefox-bin" "-marionette" "-headless" "start-maximized" "-foreground" "-no-remote" "-profile" "/var/folders/8g/c05844nd09d1wx29zsv34vqr0000gn/T/rust_mozprofile.Z0usuGvXBkqR"
*** You are running in headless mode.
1553199492590	addons.webextension.screenshots@mozilla.org	WARN	Loading extension 'screenshots@mozilla.org': Reading manifest: Invalid extension permission: mozillaAddons
1553199492590	addons.webextension.screenshots@mozilla.org	WARN	Loading extension 'screenshots@mozilla.org': Reading manifest: Invalid extension permission: resource://pdf.js/
1553199492590	addons.webextension.screenshots@mozilla.org	WARN	Loading extension 'screenshots@mozilla.org': Reading manifest: Invalid extension permission: about:reader*
1553199493698	Marionette	INFO	Listening on port 51240
1553199493791	Marionette	WARN	TLS certificate errors will be ignored for this session
1553199496397	mozrunner::runner	INFO	Running command: "/Applications/Firefox.app/Contents/MacOS/firefox-bin" "-marionette" "-headless" "start-maximized" "-foreground" "-no-remote" "-profile" "/var/folders/8g/c05844nd09d1wx29zsv34vqr0000gn/T/rust_mozprofile.IPTGbOqRgoQO"
*** You are running in headless mode.
1553199496806	addons.webextension.screenshots@mozilla.org	WARN	Loading extension 'screenshots@mozilla.org': Reading manifest: Invalid extension permission: mozillaAddons
1553199496806	addons.webextension.screenshots@mozilla.org	WARN	Loading extension 'screenshots@mozilla.org': Reading manifest: Invalid extension permission: resource://pdf.js/
1553199496806	addons.webextension.screenshots@mozilla.org	WARN	Loading extension 'screenshots@mozilla.org': Reading manifest: Invalid extension permission: about:reader*
1553199498067	Marionette	INFO	Listening on port 51284
1553199498139	Marionette	WARN	TLS certificate errors will be ignored for this session
1553199498239	Marionette	INFO	Stopped listening on port 51240
1553199503363	mozrunner::runner	INFO	Running command: "/Applications/Firefox.app/Contents/MacOS/firefox-bin" "-marionette" "-headless" "start-maximized" "-foreground" "-no-remote" "-profile" "/var/folders/8g/c05844nd09d1wx29zsv34vqr0000gn/T/rust_mozprofile.7PDSLtC8LvIk"
*** You are running in headless mode.
1553199503681	addons.webextension.screenshots@mozilla.org	WARN	Loading extension 'screenshots@mozilla.org': Reading manifest: Invalid extension permission: mozillaAddons
1553199503681	addons.webextension.screenshots@mozilla.org	WARN	Loading extension 'screenshots@mozilla.org': Reading manifest: Invalid extension permission: resource://pdf.js/
1553199503681	addons.webextension.screenshots@mozilla.org	WARN	Loading extension 'screenshots@mozilla.org': Reading manifest: Invalid extension permission: about:reader*
1553199504771	Marionette	INFO	Listening on port 51326
1553199504792	Marionette	WARN	TLS certificate errors will be ignored for this session
1553199507223	mozrunner::runner	INFO	Running command: "/Applications/Firefox.app/Contents/MacOS/firefox-bin" "-marionette" "-headless" "start-maximized" "-foreground" "-no-remote" "-profile" "/var/folders/8g/c05844nd09d1wx29zsv34vqr0000gn/T/rust_mozprofile.sA2Cn8zMWU6b"
*** You are running in headless mode.
1553199507580	addons.webextension.screenshots@mozilla.org	WARN	Loading extension 'screenshots@mozilla.org': Reading manifest: Invalid extension permission: mozillaAddons
1553199507581	addons.webextension.screenshots@mozilla.org	WARN	Loading extension 'screenshots@mozilla.org': Reading manifest: Invalid extension permission: resource://pdf.js/
1553199507581	addons.webextension.screenshots@mozilla.org	WARN	Loading extension 'screenshots@mozilla.org': Reading manifest: Invalid extension permission: about:reader*
1553199508676	Marionette	INFO	Listening on port 51371
1553199508752	Marionette	WARN	TLS certificate errors will be ignored for this session
1553199508831	Marionette	INFO	Stopped listening on port 51326
1553199656655	mozrunner::runner	INFO	Running command: "/Applications/Firefox.app/Contents/MacOS/firefox-bin" "-marionette" "-headless" "start-maximized" "-foreground" "-no-remote" "-profile" "/var/folders/8g/c05844nd09d1wx29zsv34vqr0000gn/T/rust_mozprofile.Jt5WbEO7Lgqt"
*** You are running in headless mode.
1553199656972	addons.webextension.screenshots@mozilla.org	WARN	Loading extension 'screenshots@mozilla.org': Reading manifest: Invalid extension permission: mozillaAddons
1553199656972	addons.webextension.screenshots@mozilla.org	WARN	Loading extension 'screenshots@mozilla.org': Reading manifest: Invalid extension permission: resource://pdf.js/
1553199656973	addons.webextension.screenshots@mozilla.org	WARN	Loading extension 'screenshots@mozilla.org': Reading manifest: Invalid extension permission: about:reader*
1553199658056	Marionette	INFO	Listening on port 51461
1553199658094	Marionette	WARN	TLS certificate errors will be ignored for this session
1553199660560	mozrunner::runner	INFO	Running command: "/Applications/Firefox.app/Contents/MacOS/firefox-bin" "-marionette" "-headless" "start-maximized" "-foreground" "-no-remote" "-profile" "/var/folders/8g/c05844nd09d1wx29zsv34vqr0000gn/T/rust_mozprofile.82WaYQANUK2m"
*** You are running in headless mode.
1553199660881	addons.webextension.screenshots@mozilla.org	WARN	Loading extension 'screenshots@mozilla.org': Reading manifest: Invalid extension permission: mozillaAddons
1553199660881	addons.webextension.screenshots@mozilla.org	WARN	Loading extension 'screenshots@mozilla.org': Reading manifest: Invalid extension permission: resource://pdf.js/
1553199660882	addons.webextension.screenshots@mozilla.org	WARN	Loading extension 'screenshots@mozilla.org': Reading manifest: Invalid extension permission: about:reader*
1553199662008	Marionette	INFO	Listening on port 51505
1553199662097	Marionette	WARN	TLS certificate errors will be ignored for this session
1553199662180	Marionette	INFO	Stopped listening on port 51461
console.error: BroadcastService: 
console.error: BroadcastService: 
console.error: BroadcastService: 
  receivedBroadcastMessage: handler for
  remote-settings/monitor_changes
  threw error:
  Message: Error: Polling for changes failed: NetworkError when attempting to fetch resource..
  Stack:
    remoteSettingsFunction/remoteSettings.pollChanges@resource://services-settings/remote-settings.js:190:13

  receivedBroadcastMessage: handler for
  remote-settings/monitor_changes
  threw error:
  receivedBroadcastMessage: handler for
  Message: Error: Polling for changes failed: NetworkError when attempting to fetch resource..
  Stack:
    remoteSettingsFunction/remoteSettings.pollChanges@resource://services-settings/remote-settings.js:190:13

  remote-settings/monitor_changes
  threw error:
  Message: Error: Polling for changes failed: NetworkError when attempting to fetch resource..
  Stack:
    remoteSettingsFunction/remoteSettings.pollChanges@resource://services-settings/remote-settings.js:190:13

console.error: BroadcastService: 
  receivedBroadcastMessage: handler for
  remote-settings/monitor_changes
  threw error:
  Message: Error: Polling for changes failed: NetworkError when attempting to fetch resource..
  Stack:
    remoteSettingsFunction/remoteSettings.pollChanges@resource://services-settings/remote-settings.js:190:13

1553200137325	mozrunner::runner	INFO	Running command: "/Applications/Firefox.app/Contents/MacOS/firefox-bin" "-marionette" "-headless" "start-maximized" "-foreground" "-no-remote" "-profile" "/var/folders/8g/c05844nd09d1wx29zsv34vqr0000gn/T/rust_mozprofile.URk6hR6r38yJ"
*** You are running in headless mode.
1553200137656	addons.webextension.screenshots@mozilla.org	WARN	Loading extension 'screenshots@mozilla.org': Reading manifest: Invalid extension permission: mozillaAddons
1553200137657	addons.webextension.screenshots@mozilla.org	WARN	Loading extension 'screenshots@mozilla.org': Reading manifest: Invalid extension permission: resource://pdf.js/
1553200137657	addons.webextension.screenshots@mozilla.org	WARN	Loading extension 'screenshots@mozilla.org': Reading manifest: Invalid extension permission: about:reader*
1553200138783	Marionette	INFO	Listening on port 51607
1553200138861	Marionette	WARN	TLS certificate errors will be ignored for this session
1553200141317	mozrunner::runner	INFO	Running command: "/Applications/Firefox.app/Contents/MacOS/firefox-bin" "-marionette" "-headless" "start-maximized" "-foreground" "-no-remote" "-profile" "/var/folders/8g/c05844nd09d1wx29zsv34vqr0000gn/T/rust_mozprofile.eURc8zSOmFJc"
*** You are running in headless mode.
1553200141632	addons.webextension.screenshots@mozilla.org	WARN	Loading extension 'screenshots@mozilla.org': Reading manifest: Invalid extension permission: mozillaAddons
1553200141632	addons.webextension.screenshots@mozilla.org	WARN	Loading extension 'screenshots@mozilla.org': Reading manifest: Invalid extension permission: resource://pdf.js/
1553200141632	addons.webextension.screenshots@mozilla.org	WARN	Loading extension 'screenshots@mozilla.org': Reading manifest: Invalid extension permission: about:reader*
1553200142779	Marionette	INFO	Listening on port 51657
1553200142848	Marionette	WARN	TLS certificate errors will be ignored for this session
1553200142920	Marionette	INFO	Stopped listening on port 51607
console.error: BroadcastService: 
  receivedBroadcastMessage: handler for
  remote-settings/monitor_changes
  threw error:
  Message: Error: Polling for changes failed: NetworkError when attempting to fetch resource..
  Stack:
    remoteSettingsFunction/remoteSettings.pollChanges@resource://services-settings/remote-settings.js:190:13

1553203615561	mozrunner::runner	INFO	Running command: "/Applications/Firefox.app/Contents/MacOS/firefox-bin" "-marionette" "-headless" "start-maximized" "-foreground" "-no-remote" "-profile" "/var/folders/8g/c05844nd09d1wx29zsv34vqr0000gn/T/rust_mozprofile.G8XtqovKMqO5"
*** You are running in headless mode.
1553203615934	addons.webextension.screenshots@mozilla.org	WARN	Loading extension 'screenshots@mozilla.org': Reading manifest: Invalid extension permission: mozillaAddons
1553203615934	addons.webextension.screenshots@mozilla.org	WARN	Loading extension 'screenshots@mozilla.org': Reading manifest: Invalid extension permission: resource://pdf.js/
1553203615934	addons.webextension.screenshots@mozilla.org	WARN	Loading extension 'screenshots@mozilla.org': Reading manifest: Invalid extension permission: about:reader*
1553203617066	Marionette	INFO	Listening on port 52299
1553203617092	Marionette	WARN	TLS certificate errors will be ignored for this session
1553203619567	mozrunner::runner	INFO	Running command: "/Applications/Firefox.app/Contents/MacOS/firefox-bin" "-marionette" "-headless" "start-maximized" "-foreground" "-no-remote" "-profile" "/var/folders/8g/c05844nd09d1wx29zsv34vqr0000gn/T/rust_mozprofile.yPqARjb4jw5V"
*** You are running in headless mode.
1553203619887	addons.webextension.screenshots@mozilla.org	WARN	Loading extension 'screenshots@mozilla.org': Reading manifest: Invalid extension permission: mozillaAddons
1553203619887	addons.webextension.screenshots@mozilla.org	WARN	Loading extension 'screenshots@mozilla.org': Reading manifest: Invalid extension permission: resource://pdf.js/
1553203619887	addons.webextension.screenshots@mozilla.org	WARN	Loading extension 'screenshots@mozilla.org': Reading manifest: Invalid extension permission: about:reader*
1553203621020	Marionette	INFO	Listening on port 52346
1553203621085	Marionette	WARN	TLS certificate errors will be ignored for this session
1553203621169	Marionette	INFO	Stopped listening on port 52299
console.error: BroadcastService: 
  receivedBroadcastMessage: handler for
  remote-settings/monitor_changes
  threw error:
  Message: Error: Polling for changes failed: NetworkError when attempting to fetch resource..
  Stack:
    remoteSettingsFunction/remoteSettings.pollChanges@resource://services-settings/remote-settings.js:190:13

1553204320435	mozrunner::runner	INFO	Running command: "/Applications/Firefox.app/Contents/MacOS/firefox-bin" "-marionette" "-headless" "start-maximized" "-foreground" "-no-remote" "-profile" "/var/folders/8g/c05844nd09d1wx29zsv34vqr0000gn/T/rust_mozprofile.QSEjYPMLIE2A"
*** You are running in headless mode.
1553204320770	addons.webextension.screenshots@mozilla.org	WARN	Loading extension 'screenshots@mozilla.org': Reading manifest: Invalid extension permission: mozillaAddons
1553204320770	addons.webextension.screenshots@mozilla.org	WARN	Loading extension 'screenshots@mozilla.org': Reading manifest: Invalid extension permission: resource://pdf.js/
1553204320770	addons.webextension.screenshots@mozilla.org	WARN	Loading extension 'screenshots@mozilla.org': Reading manifest: Invalid extension permission: about:reader*
1553204321923	Marionette	INFO	Listening on port 52814
1553204321994	Marionette	WARN	TLS certificate errors will be ignored for this session
1553204324445	mozrunner::runner	INFO	Running command: "/Applications/Firefox.app/Contents/MacOS/firefox-bin" "-marionette" "-headless" "start-maximized" "-foreground" "-no-remote" "-profile" "/var/folders/8g/c05844nd09d1wx29zsv34vqr0000gn/T/rust_mozprofile.FQihcWuyH6CP"
*** You are running in headless mode.
1553204324764	addons.webextension.screenshots@mozilla.org	WARN	Loading extension 'screenshots@mozilla.org': Reading manifest: Invalid extension permission: mozillaAddons
1553204324764	addons.webextension.screenshots@mozilla.org	WARN	Loading extension 'screenshots@mozilla.org': Reading manifest: Invalid extension permission: resource://pdf.js/
1553204324764	addons.webextension.screenshots@mozilla.org	WARN	Loading extension 'screenshots@mozilla.org': Reading manifest: Invalid extension permission: about:reader*
1553204325921	Marionette	INFO	Listening on port 52873
1553204325981	Marionette	WARN	TLS certificate errors will be ignored for this session
1553204326064	Marionette	INFO	Stopped listening on port 52814
1553204890533	mozrunner::runner	INFO	Running command: "/Applications/Firefox.app/Contents/MacOS/firefox-bin" "-marionette" "-headless" "start-maximized" "-foreground" "-no-remote" "-profile" "/var/folders/8g/c05844nd09d1wx29zsv34vqr0000gn/T/rust_mozprofile.0wQwBVgyYrUz"
*** You are running in headless mode.
1553204890880	addons.webextension.screenshots@mozilla.org	WARN	Loading extension 'screenshots@mozilla.org': Reading manifest: Invalid extension permission: mozillaAddons
1553204890881	addons.webextension.screenshots@mozilla.org	WARN	Loading extension 'screenshots@mozilla.org': Reading manifest: Invalid extension permission: resource://pdf.js/
1553204890881	addons.webextension.screenshots@mozilla.org	WARN	Loading extension 'screenshots@mozilla.org': Reading manifest: Invalid extension permission: about:reader*
1553204892000	Marionette	INFO	Listening on port 53679
1553204892076	Marionette	WARN	TLS certificate errors will be ignored for this session
1553204894523	mozrunner::runner	INFO	Running command: "/Applications/Firefox.app/Contents/MacOS/firefox-bin" "-marionette" "-headless" "start-maximized" "-foreground" "-no-remote" "-profile" "/var/folders/8g/c05844nd09d1wx29zsv34vqr0000gn/T/rust_mozprofile.64mXL9SfMLRV"
*** You are running in headless mode.
1553204894858	addons.webextension.screenshots@mozilla.org	WARN	Loading extension 'screenshots@mozilla.org': Reading manifest: Invalid extension permission: mozillaAddons
1553204894859	addons.webextension.screenshots@mozilla.org	WARN	Loading extension 'screenshots@mozilla.org': Reading manifest: Invalid extension permission: resource://pdf.js/
1553204894859	addons.webextension.screenshots@mozilla.org	WARN	Loading extension 'screenshots@mozilla.org': Reading manifest: Invalid extension permission: about:reader*
1553204896012	Marionette	INFO	Listening on port 53724
1553204896050	Marionette	WARN	TLS certificate errors will be ignored for this session
console.error: BroadcastService: 
  receivedBroadcastMessage: handler for
  remote-settings/monitor_changes
  threw error:
  Message: Error: Polling for changes failed: NetworkError when attempting to fetch resource..
  Stack:
    remoteSettingsFunction/remoteSettings.pollChanges@resource://services-settings/remote-settings.js:190:13

console.error: BroadcastService: 
  receivedBroadcastMessage: handler for
  remote-settings/monitor_changes
  threw error:
  Message: Error: Polling for changes failed: NetworkError when attempting to fetch resource..
  Stack:
    remoteSettingsFunction/remoteSettings.pollChanges@resource://services-settings/remote-settings.js:190:13

console.error: BroadcastService: 
  receivedBroadcastMessage: handler for
  remote-settings/monitor_changes
  threw error:
  Message: Error: Polling for changes failed: NetworkError when attempting to fetch resource..
  Stack:
    remoteSettingsFunction/remoteSettings.pollChanges@resource://services-settings/remote-settings.js:190:13

1553204925134	Marionette	INFO	Stopped listening on port 53679
1553205625053	mozrunner::runner	INFO	Running command: "/Applications/Firefox.app/Contents/MacOS/firefox-bin" "-marionette" "-headless" "start-maximized" "-foreground" "-no-remote" "-profile" "/var/folders/8g/c05844nd09d1wx29zsv34vqr0000gn/T/rust_mozprofile.zkK1bAD4BRYE"
*** You are running in headless mode.
1553205625402	addons.webextension.screenshots@mozilla.org	WARN	Loading extension 'screenshots@mozilla.org': Reading manifest: Invalid extension permission: mozillaAddons
1553205625403	addons.webextension.screenshots@mozilla.org	WARN	Loading extension 'screenshots@mozilla.org': Reading manifest: Invalid extension permission: resource://pdf.js/
1553205625403	addons.webextension.screenshots@mozilla.org	WARN	Loading extension 'screenshots@mozilla.org': Reading manifest: Invalid extension permission: about:reader*
1553205626558	Marionette	INFO	Listening on port 54239
1553205626595	Marionette	WARN	TLS certificate errors will be ignored for this session
1553205629075	mozrunner::runner	INFO	Running command: "/Applications/Firefox.app/Contents/MacOS/firefox-bin" "-marionette" "-headless" "start-maximized" "-foreground" "-no-remote" "-profile" "/var/folders/8g/c05844nd09d1wx29zsv34vqr0000gn/T/rust_mozprofile.eypsBpfLoRXs"
*** You are running in headless mode.
1553205629394	addons.webextension.screenshots@mozilla.org	WARN	Loading extension 'screenshots@mozilla.org': Reading manifest: Invalid extension permission: mozillaAddons
1553205629395	addons.webextension.screenshots@mozilla.org	WARN	Loading extension 'screenshots@mozilla.org': Reading manifest: Invalid extension permission: resource://pdf.js/
1553205629395	addons.webextension.screenshots@mozilla.org	WARN	Loading extension 'screenshots@mozilla.org': Reading manifest: Invalid extension permission: about:reader*
1553205630536	Marionette	INFO	Listening on port 54285
1553205630605	Marionette	WARN	TLS certificate errors will be ignored for this session
JavaScript error: , line 0: TypeError: NetworkError when attempting to fetch resource.
JavaScript error: https://assets.asosservices.com/identity/widgets/standalone/sdk.3.1.2.min.js, line 181: SecurityError: The operation is insecure.
JavaScript error: https://assets.asosservices.com/identity/widgets/standalone/sdk.3.1.2.min.js, line 181: SecurityError: The operation is insecure.
JavaScript error: , line 0: uncaught exception: gc value must be ISO standard currency code
JavaScript error: https://connect.facebook.net/signals/config/753968184693755?v=2.8.42&r=stable, line 24: SecurityError: The operation is insecure.
JavaScript error: https://static.criteo.net/js/ld/ld.js, line 1: TypeError: n.adBlockDetector is undefined
JavaScript error: https://static.criteo.net/js/ld/ld.js, line 1: TypeError: n.adBlockDetector is undefined
JavaScript error: https://assets.asosservices.com/identity/widgets/standalone/sdk.3.1.2.min.js, line 181: SecurityError: The operation is insecure.
JavaScript error: , line 0: uncaught exception: gc value must be ISO standard currency code
JavaScript error: https://connect.facebook.net/signals/config/753968184693755?v=2.8.42&r=stable, line 24: SecurityError: The operation is insecure.
JavaScript error: https://static.criteo.net/js/ld/ld.js, line 1: TypeError: n.adBlockDetector is undefined
JavaScript error: https://static.criteo.net/js/ld/ld.js, line 1: TypeError: n.adBlockDetector is undefined
JavaScript error: , line 0: TypeError: NetworkError when attempting to fetch resource.
JavaScript error: https://assets.asosservices.com/identity/widgets/standalone/sdk.3.1.2.min.js, line 181: SecurityError: The operation is insecure.
JavaScript error: https://connect.facebook.net/signals/config/753968184693755?v=2.8.42&r=stable, line 24: SecurityError: The operation is insecure.
JavaScript error: https://static.criteo.net/js/ld/ld.js, line 1: TypeError: n.adBlockDetector is undefined
JavaScript error: https://static.criteo.net/js/ld/ld.js, line 1: TypeError: n.adBlockDetector is undefined
JavaScript error: , line 0: TypeError: NetworkError when attempting to fetch resource.
JavaScript error: https://assets.asosservices.com/identity/widgets/standalone/sdk.3.1.2.min.js, line 181: SecurityError: The operation is insecure.
JavaScript error: https://connect.facebook.net/signals/config/753968184693755?v=2.8.42&r=stable, line 24: SecurityError: The operation is insecure.
JavaScript error: https://static.criteo.net/js/ld/ld.js, line 1: TypeError: n.adBlockDetector is undefined
JavaScript error: https://static.criteo.net/js/ld/ld.js, line 1: TypeError: n.adBlockDetector is undefined
JavaScript error: https://assets.asosservices.com/identity/widgets/standalone/sdk.3.1.2.min.js, line 181: SecurityError: The operation is insecure.
JavaScript error: https://connect.facebook.net/signals/config/753968184693755?v=2.8.42&r=stable, line 24: SecurityError: The operation is insecure.
JavaScript error: https://static.criteo.net/js/ld/ld.js, line 1: TypeError: n.adBlockDetector is undefined
JavaScript error: https://static.criteo.net/js/ld/ld.js, line 1: TypeError: n.adBlockDetector is undefined
console.error: BroadcastService: 
  receivedBroadcastMessage: handler for
  remote-settings/monitor_changes
  threw error:
  Message: Error: Polling for changes failed: NetworkError when attempting to fetch resource..
  Stack:
    remoteSettingsFunction/remoteSettings.pollChanges@resource://services-settings/remote-settings.js:190:13

console.error: BroadcastService: 
  receivedBroadcastMessage: handler for
  remote-settings/monitor_changes
  threw error:
  Message: Error: Polling for changes failed: NetworkError when attempting to fetch resource..
  Stack:
    remoteSettingsFunction/remoteSettings.pollChanges@resource://services-settings/remote-settings.js:190:13

JavaScript error: , line 0: TypeError: NetworkError when attempting to fetch resource.
JavaScript error: https://assets.asosservices.com/identity/widgets/standalone/sdk.3.1.2.min.js, line 181: SecurityError: The operation is insecure.
JavaScript error: https://assets.asosservices.com/identity/widgets/standalone/sdk.3.1.2.min.js, line 181: SecurityError: The operation is insecure.
JavaScript error: https://connect.facebook.net/signals/config/753968184693755?v=2.8.42&r=stable, line 24: SecurityError: The operation is insecure.
JavaScript error: https://static.criteo.net/js/ld/ld.js, line 1: TypeError: n.adBlockDetector is undefined
JavaScript error: https://static.criteo.net/js/ld/ld.js, line 1: TypeError: n.adBlockDetector is undefined
JavaScript error: , line 0: TypeError: NetworkError when attempting to fetch resource.
JavaScript error: https://assets.asosservices.com/identity/widgets/standalone/sdk.3.1.2.min.js, line 181: SecurityError: The operation is insecure.
JavaScript error: https://assets.asosservices.com/identity/widgets/standalone/sdk.3.1.2.min.js, line 181: SecurityError: The operation is insecure.
JavaScript error: https://connect.facebook.net/signals/config/753968184693755?v=2.8.42&r=stable, line 24: SecurityError: The operation is insecure.
JavaScript error: https://static.criteo.net/js/ld/ld.js, line 1: TypeError: n.adBlockDetector is undefined
JavaScript error: https://static.criteo.net/js/ld/ld.js, line 1: TypeError: n.adBlockDetector is undefined
JavaScript error: https://www.adidas.ca/glass/react/adidas/app.app.183535e.js, line 1: SecurityError: The operation is insecure.
1553205835885	Marionette	INFO	Stopped listening on port 54285
JavaScript error: https://www.championstore.com/en?utm_source=USReferral&utm_campaign=akamaiUSredirect#facet:&productBeginIndex:0&orderBy:&pageView:grid&minPrice:&maxPrice:&pageSize:80& line 947 > scriptElement, line 1: ReferenceError: gtag is not defined
JavaScript warning: https://www.google-analytics.com/gtm/js?id=GTM-NZGGC25&cid=1949567876.1553205843, line 98: unreachable code after return statement
JavaScript error: https://connect.facebook.net/signals/config/2012517385740315?v=2.8.42&r=stable, line 24: SecurityError: The operation is insecure.
JavaScript error: https://www.championstore.com/en?utm_source=USReferral&utm_campaign=akamaiUSredirect#facet:-70000000000000070246611497115&productBeginIndex:0&orderBy:&pageView:grid&minPrice:&maxPrice:&pageSize:80& line 947 > scriptElement, line 1: ReferenceError: gtag is not defined
JavaScript warning: https://www.google-analytics.com/gtm/js?id=GTM-NZGGC25&cid=2073719608.1553205866, line 98: unreachable code after return statement
JavaScript error: https://connect.facebook.net/signals/config/2012517385740315?v=2.8.42&r=c2, line 24: SecurityError: The operation is insecure.
JavaScript error: https://www.championstore.com/en?utm_source=USReferral&utm_campaign=akamaiUSredirect#facet:&productBeginIndex:0&orderBy:&pageView:grid&minPrice:&maxPrice:&pageSize:80& line 947 > scriptElement, line 1: ReferenceError: gtag is not defined
JavaScript warning: https://www.google-analytics.com/gtm/js?id=GTM-NZGGC25&cid=1136020875.1553205891, line 98: unreachable code after return statement
JavaScript error: https://connect.facebook.net/signals/config/2012517385740315?v=2.8.42&r=stable, line 24: SecurityError: The operation is insecure.
JavaScript warning: https://www.reebok.ca/static/on/demandware.static/Sites-Reebok-CA-Site/-/en_CA/v1553143151727/js/reebok-build-COMMON.js, line 1: Error: WebGL warning: <SetDimensions>: Can't use WebGL in headless mode (https://bugzil.la/1375585).
JavaScript warning: https://www.reebok.ca/static/on/demandware.static/Sites-Reebok-CA-Site/-/en_CA/v1553143151727/js/reebok-build-COMMON.js, line 1: Error: WebGL warning: <SetDimensions>: Failed to create WebGL context: WebGL creation failed: 
* Can't use WebGL in headless mode (https://bugzil.la/1375585).
JavaScript warning: https://www.reebok.ca/static/on/demandware.static/Sites-Reebok-CA-Site/-/en_CA/v1553143151727/js/reebok-build-COMMON.js, line 1: Error: WebGL warning: <SetDimensions>: Can't use WebGL in headless mode (https://bugzil.la/1375585).
JavaScript warning: https://www.reebok.ca/static/on/demandware.static/Sites-Reebok-CA-Site/-/en_CA/v1553143151727/js/reebok-build-COMMON.js, line 1: Error: WebGL warning: <SetDimensions>: Failed to create WebGL context: WebGL creation failed: 
* Can't use WebGL in headless mode (https://bugzil.la/1375585).
JavaScript error: https://www.reebok.ca/static/on/demandware.static/Sites-Reebok-CA-Site/-/en_CA/v1553143151727/js/reebok-build-COMMON.js, line 1: SecurityError: The operation is insecure.
JavaScript warning: https://www.reebok.ca/static/on/demandware.static/Sites-Reebok-CA-Site/-/en_CA/v1553143151727/js/utils/jquery.orbit.js, line 908: unreachable code after return statement
JavaScript warning: https://www.reebok.ca/static/on/demandware.static/Sites-Reebok-CA-Site/-/en_CA/v1553143151727/js/reebok-build-COMMON.js, line 1: Error: WebGL warning: <SetDimensions>: Can't use WebGL in headless mode (https://bugzil.la/1375585).
JavaScript warning: https://www.reebok.ca/static/on/demandware.static/Sites-Reebok-CA-Site/-/en_CA/v1553143151727/js/reebok-build-COMMON.js, line 1: Error: WebGL warning: <SetDimensions>: Failed to create WebGL context: WebGL creation failed: 
* Can't use WebGL in headless mode (https://bugzil.la/1375585).
JavaScript warning: https://www.reebok.ca/static/on/demandware.static/Sites-Reebok-CA-Site/-/en_CA/v1553143151727/js/reebok-build-COMMON.js, line 1: Error: WebGL warning: <SetDimensions>: Can't use WebGL in headless mode (https://bugzil.la/1375585).
JavaScript warning: https://www.reebok.ca/static/on/demandware.static/Sites-Reebok-CA-Site/-/en_CA/v1553143151727/js/reebok-build-COMMON.js, line 1: Error: WebGL warning: <SetDimensions>: Failed to create WebGL context: WebGL creation failed: 
* Can't use WebGL in headless mode (https://bugzil.la/1375585).
JavaScript error: https://www.reebok.ca/static/on/demandware.static/Sites-Reebok-CA-Site/-/en_CA/v1553143151727/js/reebok-build-COMMON.js, line 1: SecurityError: The operation is insecure.
JavaScript warning: https://www.reebok.ca/static/on/demandware.static/Sites-Reebok-CA-Site/-/en_CA/v1553143151727/js/utils/jquery.orbit.js, line 908: unreachable code after return statement
JavaScript error: https://d3rr3d0n31t48m.cloudfront.net/widget/widget.js?v=f86cfdf, line 11: SecurityError: The operation is insecure.
JavaScript error: https://connect.facebook.net/signals/config/186883814983432?v=2.8.42&r=stable, line 24: SecurityError: The operation is insecure.
JavaScript warning: https://www.reebok.ca/static/on/demandware.static/Sites-Reebok-CA-Site/-/en_CA/v1553143151727/js/reebok-build-COMMON.js, line 1: Error: WebGL warning: <SetDimensions>: Can't use WebGL in headless mode (https://bugzil.la/1375585).
JavaScript warning: https://www.reebok.ca/static/on/demandware.static/Sites-Reebok-CA-Site/-/en_CA/v1553143151727/js/reebok-build-COMMON.js, line 1: Error: WebGL warning: <SetDimensions>: Failed to create WebGL context: WebGL creation failed: 
* Can't use WebGL in headless mode (https://bugzil.la/1375585).
JavaScript warning: https://www.reebok.ca/static/on/demandware.static/Sites-Reebok-CA-Site/-/en_CA/v1553143151727/js/reebok-build-COMMON.js, line 1: Error: WebGL warning: <SetDimensions>: Can't use WebGL in headless mode (https://bugzil.la/1375585).
JavaScript warning: https://www.reebok.ca/static/on/demandware.static/Sites-Reebok-CA-Site/-/en_CA/v1553143151727/js/reebok-build-COMMON.js, line 1: Error: WebGL warning: <SetDimensions>: Failed to create WebGL context: WebGL creation failed: 
* Can't use WebGL in headless mode (https://bugzil.la/1375585).
JavaScript error: https://www.reebok.ca/static/on/demandware.static/Sites-Reebok-CA-Site/-/en_CA/v1553143151727/js/reebok-build-COMMON.js, line 1: SecurityError: The operation is insecure.
JavaScript warning: https://www.reebok.ca/static/on/demandware.static/Sites-Reebok-CA-Site/-/en_CA/v1553143151727/js/utils/jquery.orbit.js, line 908: unreachable code after return statement
JavaScript error: https://d3rr3d0n31t48m.cloudfront.net/widget/widget.js?v=f86cfdf, line 11: SecurityError: The operation is insecure.
JavaScript error: https://connect.facebook.net/signals/config/186883814983432?v=2.8.42&r=stable, line 24: SecurityError: The operation is insecure.
JavaScript warning: https://www.reebok.ca/static/on/demandware.static/Sites-Reebok-CA-Site/-/en_CA/v1553143151727/js/reebok-build-COMMON.js, line 1: Error: WebGL warning: <SetDimensions>: Can't use WebGL in headless mode (https://bugzil.la/1375585).
JavaScript warning: https://www.reebok.ca/static/on/demandware.static/Sites-Reebok-CA-Site/-/en_CA/v1553143151727/js/reebok-build-COMMON.js, line 1: Error: WebGL warning: <SetDimensions>: Failed to create WebGL context: WebGL creation failed: 
* Can't use WebGL in headless mode (https://bugzil.la/1375585).
JavaScript warning: https://www.reebok.ca/static/on/demandware.static/Sites-Reebok-CA-Site/-/en_CA/v1553143151727/js/reebok-build-COMMON.js, line 1: Error: WebGL warning: <SetDimensions>: Can't use WebGL in headless mode (https://bugzil.la/1375585).
JavaScript warning: https://www.reebok.ca/static/on/demandware.static/Sites-Reebok-CA-Site/-/en_CA/v1553143151727/js/reebok-build-COMMON.js, line 1: Error: WebGL warning: <SetDimensions>: Failed to create WebGL context: WebGL creation failed: 
* Can't use WebGL in headless mode (https://bugzil.la/1375585).
JavaScript error: https://www.reebok.ca/static/on/demandware.static/Sites-Reebok-CA-Site/-/en_CA/v1553143151727/js/reebok-build-COMMON.js, line 1: SecurityError: The operation is insecure.
JavaScript warning: https://www.reebok.ca/static/on/demandware.static/Sites-Reebok-CA-Site/-/en_CA/v1553143151727/js/utils/jquery.orbit.js, line 908: unreachable code after return statement
JavaScript error: https://connect.facebook.net/signals/config/186883814983432?v=2.8.42&r=stable, line 24: SecurityError: The operation is insecure.
JavaScript error: https://www.ca.allsaints.com/static/js/common.bundle.js?_c=21cc95bea1, line 1: SecurityError: The operation is insecure.
JavaScript error: https://www.ca.allsaints.com/static/js/shared.bundle.js?_c=21cc95bea1, line 1: SecurityError: The operation is insecure.
JavaScript error: https://connect.facebook.net/signals/config/193026047784693?v=2.8.42&r=stable, line 24: SecurityError: The operation is insecure.
JavaScript error: https://www.calvinklein.es/wcsstore8.00.00.322/PVHStoreFrontAssetStore/pwa/ck/dist/ck_app_desktop.js, line 1692: SecurityError: The operation is insecure.
1553206141322	Marionette	INFO	Stopped listening on port 54239
1553206978877	mozrunner::runner	INFO	Running command: "/Applications/Firefox.app/Contents/MacOS/firefox-bin" "-marionette" "-headless" "start-maximized" "-foreground" "-no-remote" "-profile" "/var/folders/8g/c05844nd09d1wx29zsv34vqr0000gn/T/rust_mozprofile.fjrYfGiaCCxs"
*** You are running in headless mode.
1553206979223	addons.webextension.screenshots@mozilla.org	WARN	Loading extension 'screenshots@mozilla.org': Reading manifest: Invalid extension permission: mozillaAddons
1553206979224	addons.webextension.screenshots@mozilla.org	WARN	Loading extension 'screenshots@mozilla.org': Reading manifest: Invalid extension permission: resource://pdf.js/
1553206979224	addons.webextension.screenshots@mozilla.org	WARN	Loading extension 'screenshots@mozilla.org': Reading manifest: Invalid extension permission: about:reader*
1553206980345	Marionette	INFO	Listening on port 55293
1553206980411	Marionette	WARN	TLS certificate errors will be ignored for this session
1553206982863	mozrunner::runner	INFO	Running command: "/Applications/Firefox.app/Contents/MacOS/firefox-bin" "-marionette" "-headless" "start-maximized" "-foreground" "-no-remote" "-profile" "/var/folders/8g/c05844nd09d1wx29zsv34vqr0000gn/T/rust_mozprofile.m6ZHFXjMkXya"
*** You are running in headless mode.
1553206983184	addons.webextension.screenshots@mozilla.org	WARN	Loading extension 'screenshots@mozilla.org': Reading manifest: Invalid extension permission: mozillaAddons
1553206983184	addons.webextension.screenshots@mozilla.org	WARN	Loading extension 'screenshots@mozilla.org': Reading manifest: Invalid extension permission: resource://pdf.js/
1553206983184	addons.webextension.screenshots@mozilla.org	WARN	Loading extension 'screenshots@mozilla.org': Reading manifest: Invalid extension permission: about:reader*
1553206984287	Marionette	INFO	Listening on port 55340
1553206984297	Marionette	WARN	TLS certificate errors will be ignored for this session
JavaScript error: , line 0: TypeError: NetworkError when attempting to fetch resource.
JavaScript error: https://assets.asosservices.com/identity/widgets/standalone/sdk.3.1.2.min.js, line 181: SecurityError: The operation is insecure.
console.error: BroadcastService: 
  receivedBroadcastMessage: handler for
  remote-settings/monitor_changes
  threw error:
  Message: Error: Polling for changes failed: NetworkError when attempting to fetch resource..
  Stack:
    remoteSettingsFunction/remoteSettings.pollChanges@resource://services-settings/remote-settings.js:190:13

console.error: BroadcastService: 
  receivedBroadcastMessage: handler for
  remote-settings/monitor_changes
  threw error:
  Message: Error: Polling for changes failed: NetworkError when attempting to fetch resource..
  Stack:
    remoteSettingsFunction/remoteSettings.pollChanges@resource://services-settings/remote-settings.js:190:13

console.error: BroadcastService: 
  receivedBroadcastMessage: handler for
  remote-settings/monitor_changes
  threw error:
  Message: Error: Polling for changes failed: NetworkError when attempting to fetch resource..
  Stack:
    remoteSettingsFunction/remoteSettings.pollChanges@resource://services-settings/remote-settings.js:190:13

console.error: BroadcastService: 
  receivedBroadcastMessage: handler for
  remote-settings/monitor_changes
  threw error:
  Message: Error: Polling for changes failed: NetworkError when attempting to fetch resource..
  Stack:
    remoteSettingsFunction/remoteSettings.pollChanges@resource://services-settings/remote-settings.js:190:13

console.error: BroadcastService: 
  receivedBroadcastMessage: handler for
  remote-settings/monitor_changes
  threw error:
  Message: Error: Polling for changes failed: NetworkError when attempting to fetch resource..
  Stack:
    remoteSettingsFunction/remoteSettings.pollChanges@resource://services-settings/remote-settings.js:190:13

console.error: BroadcastService: 
  receivedBroadcastMessage: handler for
  remote-settings/monitor_changes
  threw error:
  Message: Error: Polling for changes failed: NetworkError when attempting to fetch resource..
  Stack:
    remoteSettingsFunction/remoteSettings.pollChanges@resource://services-settings/remote-settings.js:190:13

